[0.164s] [34mcolcon[0m [1;30mDEBUG[0m [32mCommand line arguments: ['/usr/bin/colcon', 'build'][0m
[0.165s] [34mcolcon[0m [1;30mDEBUG[0m [32mParsed command line arguments: Namespace(log_base=None, log_level=None, verb_name='build', build_base='build', install_base='install', merge_install=False, symlink_install=False, test_result_base=None, continue_on_error=False, executor='parallel', parallel_workers=4, event_handlers=None, ignore_user_meta=False, metas=['./colcon.meta'], base_paths=['.'], packages_ignore=None, packages_ignore_regex=None, paths=None, packages_up_to=None, packages_up_to_regex=None, packages_above=None, packages_above_and_dependencies=None, packages_above_depth=None, packages_select_by_dep=None, packages_skip_by_dep=None, packages_skip_up_to=None, packages_select_build_failed=False, packages_skip_build_finished=False, packages_select_test_failures=False, packages_skip_test_passed=False, packages_select=None, packages_skip=None, packages_select_regex=None, packages_skip_regex=None, packages_start=None, packages_end=None, allow_overriding=[], cmake_args=None, cmake_target=None, cmake_target_skip_unavailable=False, cmake_clean_cache=False, cmake_clean_first=False, cmake_force_configure=False, ament_cmake_args=None, catkin_cmake_args=None, catkin_skip_building_tests=False, mixin_files=None, mixin=None, verb_parser=<colcon_mixin.mixin.mixin_argument.MixinArgumentDecorator object at 0xffff7e09d2b0>, verb_extension=<colcon_core.verb.build.BuildVerb object at 0xffff7e09cfb0>, main=<bound method BuildVerb.main of <colcon_core.verb.build.BuildVerb object at 0xffff7e09cfb0>>, mixin_verb=('build',))[0m
[0.218s] [34mcolcon.colcon_core.package_discovery[0m [1;30mLevel 1[0m discover_packages(colcon_meta) check parameters
[0.219s] [34mcolcon.colcon_core.package_discovery[0m [1;30mLevel 1[0m discover_packages(recursive) check parameters
[0.219s] [34mcolcon.colcon_core.package_discovery[0m [1;30mLevel 1[0m discover_packages(ignore) check parameters
[0.219s] [34mcolcon.colcon_core.package_discovery[0m [1;30mLevel 1[0m discover_packages(path) check parameters
[0.219s] [34mcolcon.colcon_core.package_discovery[0m [1;30mLevel 1[0m discover_packages(colcon_meta) discover
[0.219s] [34mcolcon.colcon_core.package_discovery[0m [1;30mLevel 1[0m discover_packages(recursive) discover
[0.219s] [34mcolcon.colcon_core.package_discovery[0m [1;30mINFO[0m Crawling recursively for packages in '/home/hopkira/Documents/GitHub/ros2_k9_interface_pkg/k9_interface'
[0.219s] [34mcolcon.colcon_core.package_identification[0m [1;30mLevel 1[0m _identify(.) by extensions ['ignore', 'ignore_ament_install']
[0.219s] [34mcolcon.colcon_core.package_identification[0m [1;30mLevel 1[0m _identify(.) by extension 'ignore'
[0.219s] [34mcolcon.colcon_core.package_identification[0m [1;30mLevel 1[0m _identify(.) by extension 'ignore_ament_install'
[0.219s] [34mcolcon.colcon_core.package_identification[0m [1;30mLevel 1[0m _identify(.) by extensions ['colcon_pkg']
[0.219s] [34mcolcon.colcon_core.package_identification[0m [1;30mLevel 1[0m _identify(.) by extension 'colcon_pkg'
[0.220s] [34mcolcon.colcon_core.package_identification[0m [1;30mLevel 1[0m _identify(.) by extensions ['colcon_meta']
[0.220s] [34mcolcon.colcon_core.package_identification[0m [1;30mLevel 1[0m _identify(.) by extension 'colcon_meta'
[0.220s] [34mcolcon.colcon_core.package_identification[0m [1;30mLevel 1[0m _identify(.) by extensions ['ros']
[0.220s] [34mcolcon.colcon_core.package_identification[0m [1;30mLevel 1[0m _identify(.) by extension 'ros'
[0.258s] [34mcolcon.colcon_core.package_identification[0m [1;30mDEBUG[0m [32mPackage '.' with type 'ros.ament_cmake' and name 'k9_interface'[0m
[0.258s] [34mcolcon.colcon_core.package_discovery[0m [1;30mLevel 1[0m discover_packages(recursive) using defaults
[0.258s] [34mcolcon.colcon_core.package_discovery[0m [1;30mLevel 1[0m discover_packages(ignore) discover
[0.258s] [34mcolcon.colcon_core.package_discovery[0m [1;30mLevel 1[0m discover_packages(ignore) using defaults
[0.258s] [34mcolcon.colcon_core.package_discovery[0m [1;30mLevel 1[0m discover_packages(path) discover
[0.258s] [34mcolcon.colcon_core.package_discovery[0m [1;30mLevel 1[0m discover_packages(path) using defaults
[0.277s] [34mcolcon.colcon_core.package_discovery[0m [1;30mLevel 1[0m discover_packages(prefix_path) check parameters
[0.277s] [34mcolcon.colcon_core.package_discovery[0m [1;30mLevel 1[0m discover_packages(prefix_path) discover
[0.278s] [34mcolcon.colcon_core.prefix_path.colcon[0m [1;30mWARNING[0m [33mThe path '/home/hopkira/Documents/GitHub/ros2_k9_interface_pkg/ros2_k9_interface/install' in the environment variable COLCON_PREFIX_PATH doesn't exist[0m
[0.278s] [34mcolcon.colcon_core.prefix_path.colcon[0m [1;30mWARNING[0m [33mThe path '/home/hopkira/Documents/GitHub/ltm_pkg/src/ltm_pkg/install' in the environment variable COLCON_PREFIX_PATH doesn't exist[0m
[0.278s] [34mcolcon.colcon_ros.prefix_path.ament[0m [1;30mWARNING[0m [33mThe path '/home/hopkira/Documents/GitHub/ros2_k9_interface_pkg/ros2_k9_interface/install/ros2_k9_interface' in the environment variable AMENT_PREFIX_PATH doesn't exist[0m
[0.278s] [34mcolcon.colcon_ros.prefix_path.ament[0m [1;30mWARNING[0m [33mThe path '/home/hopkira/Documents/GitHub/ltm_pkg/src/ltm_pkg/install/ltm_pkg' in the environment variable AMENT_PREFIX_PATH doesn't exist[0m
[0.279s] [34mcolcon.colcon_ros.prefix_path.catkin[0m [1;30mWARNING[0m [33mThe path '/home/hopkira/Documents/GitHub/ros2_k9_interface_pkg/ros2_k9_interface/install/ros2_k9_interface' in the environment variable CMAKE_PREFIX_PATH doesn't exist[0m
[0.279s] [34mcolcon.colcon_ros.prefix_path.catkin[0m [1;30mWARNING[0m [33mThe path '/home/hopkira/Documents/GitHub/ltm_pkg/src/ltm_pkg/install/ltm_pkg' in the environment variable CMAKE_PREFIX_PATH doesn't exist[0m
[0.284s] [34mcolcon.colcon_installed_package_information.package_discovery[0m [1;30mDEBUG[0m [32mFound 286 installed packages in /opt/ros/jazzy[0m
[0.292s] [34mcolcon.colcon_core.package_discovery[0m [1;30mLevel 1[0m discover_packages(prefix_path) using defaults
[0.369s] [34mcolcon.colcon_core.verb[0m [1;30mLevel 5[0m set package 'k9_interface' build argument 'cmake_args' from command line to 'None'
[0.369s] [34mcolcon.colcon_core.verb[0m [1;30mLevel 5[0m set package 'k9_interface' build argument 'cmake_target' from command line to 'None'
[0.369s] [34mcolcon.colcon_core.verb[0m [1;30mLevel 5[0m set package 'k9_interface' build argument 'cmake_target_skip_unavailable' from command line to 'False'
[0.369s] [34mcolcon.colcon_core.verb[0m [1;30mLevel 5[0m set package 'k9_interface' build argument 'cmake_clean_cache' from command line to 'False'
[0.369s] [34mcolcon.colcon_core.verb[0m [1;30mLevel 5[0m set package 'k9_interface' build argument 'cmake_clean_first' from command line to 'False'
[0.369s] [34mcolcon.colcon_core.verb[0m [1;30mLevel 5[0m set package 'k9_interface' build argument 'cmake_force_configure' from command line to 'False'
[0.369s] [34mcolcon.colcon_core.verb[0m [1;30mLevel 5[0m set package 'k9_interface' build argument 'ament_cmake_args' from command line to 'None'
[0.369s] [34mcolcon.colcon_core.verb[0m [1;30mLevel 5[0m set package 'k9_interface' build argument 'catkin_cmake_args' from command line to 'None'
[0.369s] [34mcolcon.colcon_core.verb[0m [1;30mLevel 5[0m set package 'k9_interface' build argument 'catkin_skip_building_tests' from command line to 'False'
[0.369s] [34mcolcon.colcon_core.verb[0m [1;30mDEBUG[0m [32mBuilding package 'k9_interface' with the following arguments: {'ament_cmake_args': None, 'build_base': '/home/hopkira/Documents/GitHub/ros2_k9_interface_pkg/k9_interface/build/k9_interface', 'catkin_cmake_args': None, 'catkin_skip_building_tests': False, 'cmake_args': None, 'cmake_clean_cache': False, 'cmake_clean_first': False, 'cmake_force_configure': False, 'cmake_target': None, 'cmake_target_skip_unavailable': False, 'install_base': '/home/hopkira/Documents/GitHub/ros2_k9_interface_pkg/k9_interface/install/k9_interface', 'merge_install': False, 'path': '/home/hopkira/Documents/GitHub/ros2_k9_interface_pkg/k9_interface', 'symlink_install': False, 'test_result_base': None}[0m
[0.369s] [34mcolcon.colcon_core.executor[0m [1;30mINFO[0m Executing jobs using 'parallel' executor
[0.371s] [34mcolcon.colcon_parallel_executor.executor.parallel[0m [1;30mDEBUG[0m [32mrun_until_complete[0m
[0.371s] [34mcolcon.colcon_ros.task.ament_cmake.build[0m [1;30mINFO[0m Building ROS package in '/home/hopkira/Documents/GitHub/ros2_k9_interface_pkg/k9_interface' with build type 'ament_cmake'
[0.372s] [34mcolcon.colcon_cmake.task.cmake.build[0m [1;30mINFO[0m Building CMake package in '/home/hopkira/Documents/GitHub/ros2_k9_interface_pkg/k9_interface'
[0.383s] [34mcolcon.colcon_core.plugin_system[0m [1;30mINFO[0m Skipping extension 'colcon_core.shell.bat': Not used on non-Windows systems
[0.383s] [34mcolcon.colcon_core.shell[0m [1;30mINFO[0m Skip shell extension 'powershell' for command environment: Not usable outside of PowerShell
[0.383s] [34mcolcon.colcon_core.shell[0m [1;30mDEBUG[0m [32mSkip shell extension 'dsv' for command environment[0m
[0.413s] [34mcolcon.colcon_core.event_handler.log_command[0m [1;30mDEBUG[0m [32mInvoking command in '/home/hopkira/Documents/GitHub/ros2_k9_interface_pkg/k9_interface/build/k9_interface': CMAKE_PREFIX_PATH=${CMAKE_PREFIX_PATH}:/opt/ros/jazzy DEBUGINFOD_URLS=https://debuginfod.ubuntu.com /usr/bin/cmake /home/hopkira/Documents/GitHub/ros2_k9_interface_pkg/k9_interface -DCMAKE_INSTALL_PREFIX=/home/hopkira/Documents/GitHub/ros2_k9_interface_pkg/k9_interface/install/k9_interface[0m
[6.289s] [34mcolcon.colcon_core.event_handler.log_command[0m [1;30mDEBUG[0m [32mInvoked command in '/home/hopkira/Documents/GitHub/ros2_k9_interface_pkg/k9_interface/build/k9_interface' returned '0': CMAKE_PREFIX_PATH=${CMAKE_PREFIX_PATH}:/opt/ros/jazzy DEBUGINFOD_URLS=https://debuginfod.ubuntu.com /usr/bin/cmake /home/hopkira/Documents/GitHub/ros2_k9_interface_pkg/k9_interface -DCMAKE_INSTALL_PREFIX=/home/hopkira/Documents/GitHub/ros2_k9_interface_pkg/k9_interface/install/k9_interface[0m
[6.299s] [34mcolcon.colcon_core.event_handler.log_command[0m [1;30mDEBUG[0m [32mInvoking command in '/home/hopkira/Documents/GitHub/ros2_k9_interface_pkg/k9_interface/build/k9_interface': CMAKE_PREFIX_PATH=${CMAKE_PREFIX_PATH}:/opt/ros/jazzy DEBUGINFOD_URLS=https://debuginfod.ubuntu.com /usr/bin/cmake --build /home/hopkira/Documents/GitHub/ros2_k9_interface_pkg/k9_interface/build/k9_interface -- -j4 -l4[0m
[17.300s] [34mcolcon.colcon_core.event_handler.log_command[0m [1;30mDEBUG[0m [32mInvoked command in '/home/hopkira/Documents/GitHub/ros2_k9_interface_pkg/k9_interface/build/k9_interface' returned '0': CMAKE_PREFIX_PATH=${CMAKE_PREFIX_PATH}:/opt/ros/jazzy DEBUGINFOD_URLS=https://debuginfod.ubuntu.com /usr/bin/cmake --build /home/hopkira/Documents/GitHub/ros2_k9_interface_pkg/k9_interface/build/k9_interface -- -j4 -l4[0m
[17.324s] [34mcolcon.colcon_core.event_handler.log_command[0m [1;30mDEBUG[0m [32mInvoking command in '/home/hopkira/Documents/GitHub/ros2_k9_interface_pkg/k9_interface/build/k9_interface': CMAKE_PREFIX_PATH=${CMAKE_PREFIX_PATH}:/opt/ros/jazzy DEBUGINFOD_URLS=https://debuginfod.ubuntu.com /usr/bin/cmake --install /home/hopkira/Documents/GitHub/ros2_k9_interface_pkg/k9_interface/build/k9_interface[0m
[17.481s] [34mcolcon.colcon_core.environment[0m [1;30mLevel 1[0m create_environment_scripts_only(k9_interface)
[17.481s] [34mcolcon.colcon_core.event_handler.log_command[0m [1;30mDEBUG[0m [32mInvoked command in '/home/hopkira/Documents/GitHub/ros2_k9_interface_pkg/k9_interface/build/k9_interface' returned '0': CMAKE_PREFIX_PATH=${CMAKE_PREFIX_PATH}:/opt/ros/jazzy DEBUGINFOD_URLS=https://debuginfod.ubuntu.com /usr/bin/cmake --install /home/hopkira/Documents/GitHub/ros2_k9_interface_pkg/k9_interface/build/k9_interface[0m
[17.484s] [34mcolcon.colcon_core.environment[0m [1;30mLevel 1[0m checking '/home/hopkira/Documents/GitHub/ros2_k9_interface_pkg/k9_interface/install/k9_interface' for CMake module files
[17.485s] [34mcolcon.colcon_core.environment[0m [1;30mLevel 1[0m checking '/home/hopkira/Documents/GitHub/ros2_k9_interface_pkg/k9_interface/install/k9_interface' for CMake config files
[17.485s] [34mcolcon.colcon_core.shell[0m [1;30mLevel 1[0m create_environment_hook('k9_interface', 'cmake_prefix_path')
[17.486s] [34mcolcon.colcon_core.shell[0m [1;30mINFO[0m Creating environment hook '/home/hopkira/Documents/GitHub/ros2_k9_interface_pkg/k9_interface/install/k9_interface/share/k9_interface/hook/cmake_prefix_path.ps1'
[17.487s] [34mcolcon.colcon_core.shell[0m [1;30mINFO[0m Creating environment descriptor '/home/hopkira/Documents/GitHub/ros2_k9_interface_pkg/k9_interface/install/k9_interface/share/k9_interface/hook/cmake_prefix_path.dsv'
[17.488s] [34mcolcon.colcon_core.shell[0m [1;30mINFO[0m Creating environment hook '/home/hopkira/Documents/GitHub/ros2_k9_interface_pkg/k9_interface/install/k9_interface/share/k9_interface/hook/cmake_prefix_path.sh'
[17.495s] [34mcolcon.colcon_core.environment[0m [1;30mLevel 1[0m checking '/home/hopkira/Documents/GitHub/ros2_k9_interface_pkg/k9_interface/install/k9_interface/lib'
[17.498s] [34mcolcon.colcon_core.shell[0m [1;30mLevel 1[0m create_environment_hook('k9_interface', 'ld_library_path_lib')
[17.498s] [34mcolcon.colcon_core.shell[0m [1;30mINFO[0m Creating environment hook '/home/hopkira/Documents/GitHub/ros2_k9_interface_pkg/k9_interface/install/k9_interface/share/k9_interface/hook/ld_library_path_lib.ps1'
[17.499s] [34mcolcon.colcon_core.shell[0m [1;30mINFO[0m Creating environment descriptor '/home/hopkira/Documents/GitHub/ros2_k9_interface_pkg/k9_interface/install/k9_interface/share/k9_interface/hook/ld_library_path_lib.dsv'
[17.500s] [34mcolcon.colcon_core.shell[0m [1;30mINFO[0m Creating environment hook '/home/hopkira/Documents/GitHub/ros2_k9_interface_pkg/k9_interface/install/k9_interface/share/k9_interface/hook/ld_library_path_lib.sh'
[17.500s] [34mcolcon.colcon_core.environment[0m [1;30mLevel 1[0m checking '/home/hopkira/Documents/GitHub/ros2_k9_interface_pkg/k9_interface/install/k9_interface/bin'
[17.500s] [34mcolcon.colcon_core.environment[0m [1;30mLevel 1[0m checking '/home/hopkira/Documents/GitHub/ros2_k9_interface_pkg/k9_interface/install/k9_interface/lib/pkgconfig/k9_interface.pc'
[17.501s] [34mcolcon.colcon_core.environment[0m [1;30mLevel 1[0m checking '/home/hopkira/Documents/GitHub/ros2_k9_interface_pkg/k9_interface/install/k9_interface/lib/python3.12/site-packages'
[17.502s] [34mcolcon.colcon_core.shell[0m [1;30mLevel 1[0m create_environment_hook('k9_interface', 'pythonpath')
[17.504s] [34mcolcon.colcon_core.shell[0m [1;30mINFO[0m Creating environment hook '/home/hopkira/Documents/GitHub/ros2_k9_interface_pkg/k9_interface/install/k9_interface/share/k9_interface/hook/pythonpath.ps1'
[17.505s] [34mcolcon.colcon_core.shell[0m [1;30mINFO[0m Creating environment descriptor '/home/hopkira/Documents/GitHub/ros2_k9_interface_pkg/k9_interface/install/k9_interface/share/k9_interface/hook/pythonpath.dsv'
[17.506s] [34mcolcon.colcon_core.shell[0m [1;30mINFO[0m Creating environment hook '/home/hopkira/Documents/GitHub/ros2_k9_interface_pkg/k9_interface/install/k9_interface/share/k9_interface/hook/pythonpath.sh'
[17.507s] [34mcolcon.colcon_core.environment[0m [1;30mLevel 1[0m checking '/home/hopkira/Documents/GitHub/ros2_k9_interface_pkg/k9_interface/install/k9_interface/bin'
[17.508s] [34mcolcon.colcon_core.shell[0m [1;30mINFO[0m Creating package script '/home/hopkira/Documents/GitHub/ros2_k9_interface_pkg/k9_interface/install/k9_interface/share/k9_interface/package.ps1'
[17.509s] [34mcolcon.colcon_core.shell[0m [1;30mINFO[0m Creating package descriptor '/home/hopkira/Documents/GitHub/ros2_k9_interface_pkg/k9_interface/install/k9_interface/share/k9_interface/package.dsv'
[17.510s] [34mcolcon.colcon_core.shell[0m [1;30mINFO[0m Creating package script '/home/hopkira/Documents/GitHub/ros2_k9_interface_pkg/k9_interface/install/k9_interface/share/k9_interface/package.sh'
[17.511s] [34mcolcon.colcon_core.shell[0m [1;30mINFO[0m Creating package script '/home/hopkira/Documents/GitHub/ros2_k9_interface_pkg/k9_interface/install/k9_interface/share/k9_interface/package.bash'
[17.512s] [34mcolcon.colcon_core.shell[0m [1;30mINFO[0m Creating package script '/home/hopkira/Documents/GitHub/ros2_k9_interface_pkg/k9_interface/install/k9_interface/share/k9_interface/package.zsh'
[17.512s] [34mcolcon.colcon_core.environment[0m [1;30mLevel 1[0m create_file_with_runtime_dependencies(/home/hopkira/Documents/GitHub/ros2_k9_interface_pkg/k9_interface/install/k9_interface/share/colcon-core/packages/k9_interface)
[17.513s] [34mcolcon.colcon_core.environment[0m [1;30mLevel 1[0m create_environment_scripts_only(k9_interface)
[17.513s] [34mcolcon.colcon_core.environment[0m [1;30mLevel 1[0m checking '/home/hopkira/Documents/GitHub/ros2_k9_interface_pkg/k9_interface/install/k9_interface' for CMake module files
[17.514s] [34mcolcon.colcon_core.environment[0m [1;30mLevel 1[0m checking '/home/hopkira/Documents/GitHub/ros2_k9_interface_pkg/k9_interface/install/k9_interface' for CMake config files
[17.515s] [34mcolcon.colcon_core.shell[0m [1;30mLevel 1[0m create_environment_hook('k9_interface', 'cmake_prefix_path')
[17.515s] [34mcolcon.colcon_core.shell[0m [1;30mINFO[0m Creating environment hook '/home/hopkira/Documents/GitHub/ros2_k9_interface_pkg/k9_interface/install/k9_interface/share/k9_interface/hook/cmake_prefix_path.ps1'
[17.515s] [34mcolcon.colcon_core.shell[0m [1;30mINFO[0m Creating environment descriptor '/home/hopkira/Documents/GitHub/ros2_k9_interface_pkg/k9_interface/install/k9_interface/share/k9_interface/hook/cmake_prefix_path.dsv'
[17.516s] [34mcolcon.colcon_core.shell[0m [1;30mINFO[0m Creating environment hook '/home/hopkira/Documents/GitHub/ros2_k9_interface_pkg/k9_interface/install/k9_interface/share/k9_interface/hook/cmake_prefix_path.sh'
[17.517s] [34mcolcon.colcon_core.environment[0m [1;30mLevel 1[0m checking '/home/hopkira/Documents/GitHub/ros2_k9_interface_pkg/k9_interface/install/k9_interface/lib'
[17.517s] [34mcolcon.colcon_core.shell[0m [1;30mLevel 1[0m create_environment_hook('k9_interface', 'ld_library_path_lib')
[17.518s] [34mcolcon.colcon_core.shell[0m [1;30mINFO[0m Creating environment hook '/home/hopkira/Documents/GitHub/ros2_k9_interface_pkg/k9_interface/install/k9_interface/share/k9_interface/hook/ld_library_path_lib.ps1'
[17.518s] [34mcolcon.colcon_core.shell[0m [1;30mINFO[0m Creating environment descriptor '/home/hopkira/Documents/GitHub/ros2_k9_interface_pkg/k9_interface/install/k9_interface/share/k9_interface/hook/ld_library_path_lib.dsv'
[17.519s] [34mcolcon.colcon_core.shell[0m [1;30mINFO[0m Creating environment hook '/home/hopkira/Documents/GitHub/ros2_k9_interface_pkg/k9_interface/install/k9_interface/share/k9_interface/hook/ld_library_path_lib.sh'
[17.520s] [34mcolcon.colcon_core.environment[0m [1;30mLevel 1[0m checking '/home/hopkira/Documents/GitHub/ros2_k9_interface_pkg/k9_interface/install/k9_interface/bin'
[17.520s] [34mcolcon.colcon_core.environment[0m [1;30mLevel 1[0m checking '/home/hopkira/Documents/GitHub/ros2_k9_interface_pkg/k9_interface/install/k9_interface/lib/pkgconfig/k9_interface.pc'
[17.520s] [34mcolcon.colcon_core.environment[0m [1;30mLevel 1[0m checking '/home/hopkira/Documents/GitHub/ros2_k9_interface_pkg/k9_interface/install/k9_interface/lib/python3.12/site-packages'
[17.520s] [34mcolcon.colcon_core.shell[0m [1;30mLevel 1[0m create_environment_hook('k9_interface', 'pythonpath')
[17.521s] [34mcolcon.colcon_core.shell[0m [1;30mINFO[0m Creating environment hook '/home/hopkira/Documents/GitHub/ros2_k9_interface_pkg/k9_interface/install/k9_interface/share/k9_interface/hook/pythonpath.ps1'
[17.521s] [34mcolcon.colcon_core.shell[0m [1;30mINFO[0m Creating environment descriptor '/home/hopkira/Documents/GitHub/ros2_k9_interface_pkg/k9_interface/install/k9_interface/share/k9_interface/hook/pythonpath.dsv'
[17.522s] [34mcolcon.colcon_core.shell[0m [1;30mINFO[0m Creating environment hook '/home/hopkira/Documents/GitHub/ros2_k9_interface_pkg/k9_interface/install/k9_interface/share/k9_interface/hook/pythonpath.sh'
[17.523s] [34mcolcon.colcon_core.environment[0m [1;30mLevel 1[0m checking '/home/hopkira/Documents/GitHub/ros2_k9_interface_pkg/k9_interface/install/k9_interface/bin'
[17.523s] [34mcolcon.colcon_core.shell[0m [1;30mINFO[0m Creating package script '/home/hopkira/Documents/GitHub/ros2_k9_interface_pkg/k9_interface/install/k9_interface/share/k9_interface/package.ps1'
[17.524s] [34mcolcon.colcon_core.shell[0m [1;30mINFO[0m Creating package descriptor '/home/hopkira/Documents/GitHub/ros2_k9_interface_pkg/k9_interface/install/k9_interface/share/k9_interface/package.dsv'
[17.525s] [34mcolcon.colcon_core.shell[0m [1;30mINFO[0m Creating package script '/home/hopkira/Documents/GitHub/ros2_k9_interface_pkg/k9_interface/install/k9_interface/share/k9_interface/package.sh'
[17.525s] [34mcolcon.colcon_core.shell[0m [1;30mINFO[0m Creating package script '/home/hopkira/Documents/GitHub/ros2_k9_interface_pkg/k9_interface/install/k9_interface/share/k9_interface/package.bash'
[17.526s] [34mcolcon.colcon_core.shell[0m [1;30mINFO[0m Creating package script '/home/hopkira/Documents/GitHub/ros2_k9_interface_pkg/k9_interface/install/k9_interface/share/k9_interface/package.zsh'
[17.527s] [34mcolcon.colcon_core.environment[0m [1;30mLevel 1[0m create_file_with_runtime_dependencies(/home/hopkira/Documents/GitHub/ros2_k9_interface_pkg/k9_interface/install/k9_interface/share/colcon-core/packages/k9_interface)
[17.528s] [34mcolcon.colcon_parallel_executor.executor.parallel[0m [1;30mDEBUG[0m [32mclosing loop[0m
[17.528s] [34mcolcon.colcon_parallel_executor.executor.parallel[0m [1;30mDEBUG[0m [32mloop closed[0m
[17.529s] [34mcolcon.colcon_parallel_executor.executor.parallel[0m [1;30mDEBUG[0m [32mrun_until_complete finished with '0'[0m
[17.529s] [34mcolcon.colcon_core.event_reactor[0m [1;30mDEBUG[0m [32mjoining thread[0m
[17.552s] [34mcolcon.colcon_core.plugin_system[0m [1;30mINFO[0m Skipping extension 'colcon_notification.desktop_notification.terminal_notifier': Not used on non-Darwin systems
[17.552s] [34mcolcon.colcon_core.plugin_system[0m [1;30mINFO[0m Skipping extension 'colcon_notification.desktop_notification.win32': Not used on non-Windows systems
[17.552s] [34mcolcon.colcon_notification.desktop_notification[0m [1;30mINFO[0m Sending desktop notification using 'notify2'
[17.585s] [34mcolcon.colcon_core.event_reactor[0m [1;30mDEBUG[0m [32mjoined thread[0m
[17.586s] [34mcolcon.colcon_core.shell[0m [1;30mINFO[0m Creating prefix script '/home/hopkira/Documents/GitHub/ros2_k9_interface_pkg/k9_interface/install/local_setup.ps1'
[17.588s] [34mcolcon.colcon_core.shell[0m [1;30mINFO[0m Creating prefix util module '/home/hopkira/Documents/GitHub/ros2_k9_interface_pkg/k9_interface/install/_local_setup_util_ps1.py'
[17.590s] [34mcolcon.colcon_core.shell[0m [1;30mINFO[0m Creating prefix chain script '/home/hopkira/Documents/GitHub/ros2_k9_interface_pkg/k9_interface/install/setup.ps1'
[17.594s] [34mcolcon.colcon_core.shell[0m [1;30mINFO[0m Creating prefix script '/home/hopkira/Documents/GitHub/ros2_k9_interface_pkg/k9_interface/install/local_setup.sh'
[17.595s] [34mcolcon.colcon_core.shell[0m [1;30mINFO[0m Creating prefix util module '/home/hopkira/Documents/GitHub/ros2_k9_interface_pkg/k9_interface/install/_local_setup_util_sh.py'
[17.596s] [34mcolcon.colcon_core.shell[0m [1;30mINFO[0m Creating prefix chain script '/home/hopkira/Documents/GitHub/ros2_k9_interface_pkg/k9_interface/install/setup.sh'
[17.598s] [34mcolcon.colcon_core.shell[0m [1;30mINFO[0m Creating prefix script '/home/hopkira/Documents/GitHub/ros2_k9_interface_pkg/k9_interface/install/local_setup.bash'
[17.599s] [34mcolcon.colcon_core.shell[0m [1;30mINFO[0m Creating prefix chain script '/home/hopkira/Documents/GitHub/ros2_k9_interface_pkg/k9_interface/install/setup.bash'
[17.600s] [34mcolcon.colcon_core.shell[0m [1;30mINFO[0m Creating prefix script '/home/hopkira/Documents/GitHub/ros2_k9_interface_pkg/k9_interface/install/local_setup.zsh'
[17.601s] [34mcolcon.colcon_core.shell[0m [1;30mINFO[0m Creating prefix chain script '/home/hopkira/Documents/GitHub/ros2_k9_interface_pkg/k9_interface/install/setup.zsh'
