-- The C compiler identification is GNU 13.3.0
-- The CXX compiler identification is GNU 13.3.0
-- Detecting C compiler ABI info
-- Detecting C compiler ABI info - done
-- Check for working C compiler: /usr/bin/cc - skipped
-- Detecting C compile features
-- Detecting C compile features - done
-- Detecting CXX compiler ABI info
-- Detecting CXX compiler ABI info - done
-- Check for working CXX compiler: /usr/bin/c++ - skipped
-- Detecting CXX compile features
-- Detecting CXX compile features - done
-- Found ament_cmake: 2.5.3 (/opt/ros/jazzy/share/ament_cmake/cmake)
-- Found Python3: /usr/bin/python3 (found version "3.12.3") found components: Interpreter 
-- Found rosidl_default_generators: 1.6.0 (/opt/ros/jazzy/share/rosidl_default_generators/cmake)
-- Using all available rosidl_typesupport_c: rosidl_typesupport_fastrtps_c;rosidl_typesupport_introspection_c
-- Using all available rosidl_typesupport_cpp: rosidl_typesupport_fastrtps_cpp;rosidl_typesupport_introspection_cpp
-- Found rosidl_adapter: 4.6.5 (/opt/ros/jazzy/share/rosidl_adapter/cmake)
-- Found ament_cmake_ros: 0.12.0 (/opt/ros/jazzy/share/ament_cmake_ros/cmake)
-- Using all available rosidl_typesupport_c: rosidl_typesupport_fastrtps_c;rosidl_typesupport_introspection_c
-- Using all available rosidl_typesupport_cpp: rosidl_typesupport_fastrtps_cpp;rosidl_typesupport_introspection_cpp
-- Found python_cmake_module: 0.11.1 (/opt/ros/jazzy/share/python_cmake_module/cmake)
-- Found PythonExtra: /usr/bin/python3  
-- Found Python3: /usr/bin/python3 (found version "3.12.3") found components: Interpreter Development NumPy Development.Module Development.Embed 
-- Found ament_lint_auto: 0.17.1 (/opt/ros/jazzy/share/ament_lint_auto/cmake)
-- Added test 'cppcheck' to perform static code analysis on C / C++ code
-- Configured cppcheck include dirs: $<BUILD_INTERFACE:/home/hopkira/Documents/GitHub/ros2_k9_interface_pkg/k9_interface/build/k9_interface/rosidl_generator_c>;$<BUILD_INTERFACE:/home/hopkira/Documents/GitHub/ros2_k9_interface_pkg/k9_interface/build/k9_interface/rosidl_typesupport_fastrtps_c>;$<BUILD_INTERFACE:/home/hopkira/Documents/GitHub/ros2_k9_interface_pkg/k9_interface/build/k9_interface/rosidl_typesupport_introspection_c>;$<BUILD_INTERFACE:/home/hopkira/Documents/GitHub/ros2_k9_interface_pkg/k9_interface/build/k9_interface/rosidl_generator_cpp>;$<BUILD_INTERFACE:/home/hopkira/Documents/GitHub/ros2_k9_interface_pkg/k9_interface/build/k9_interface/rosidl_typesupport_fastrtps_cpp>;$<BUILD_INTERFACE:/home/hopkira/Documents/GitHub/ros2_k9_interface_pkg/k9_interface/build/k9_interface/rosidl_typesupport_introspection_cpp>;/home/hopkira/Documents/GitHub/ros2_k9_interface_pkg/k9_interface/build/k9_interface/rosidl_generator_c;/home/hopkira/Documents/GitHub/ros2_k9_interface_pkg/k9_interface/build/k9_interface/rosidl_generator_py
-- Configured cppcheck exclude dirs and/or files: 
-- Added test 'flake8' to check Python code syntax and style conventions
-- Configured 'flake8' exclude dirs and/or files: 
-- Added test 'lint_cmake' to check CMake code style
-- Added test 'pep257' to check Python code against some of the docstring style conventions in PEP 257
-- Added test 'uncrustify' to check C / C++ code style
-- Configured uncrustify additional arguments: 
-- Added test 'xmllint' to check XML markup files
-- Configuring done (5.7s)
-- Generating done (0.1s)
-- Build files have been written to: /home/hopkira/Documents/GitHub/ros2_k9_interface_pkg/k9_interface/build/k9_interface
[  1%] [34m[1mGenerating type hashes for ROS interfaces[0m
[  1%] Built target ament_cmake_python_copy_k9_interface
[  1%] Built target k9_interface__rosidl_generator_type_description
[  3%] [34m[1mGenerating C code for ROS interfaces[0m
running egg_info
[  5%] [34m[1mGenerating C++ code for ROS interfaces[0m
creating k9_interface.egg-info
writing k9_interface.egg-info/PKG-INFO
writing dependency_links to k9_interface.egg-info/dependency_links.txt
writing top-level names to k9_interface.egg-info/top_level.txt
writing manifest file 'k9_interface.egg-info/SOURCES.txt'
reading manifest file 'k9_interface.egg-info/SOURCES.txt'
writing manifest file 'k9_interface.egg-info/SOURCES.txt'
[  5%] Built target ament_cmake_python_build_k9_interface_egg
[  5%] Built target k9_interface__cpp
[ 12%] [32mBuilding C object CMakeFiles/k9_interface__rosidl_generator_c.dir/rosidl_generator_c/k9_interface/srv/detail/ltm_set_model__description.c.o[0m
[ 12%] [32mBuilding C object CMakeFiles/k9_interface__rosidl_generator_c.dir/rosidl_generator_c/k9_interface/srv/detail/ltm_remember__description.c.o[0m
[ 12%] [32mBuilding C object CMakeFiles/k9_interface__rosidl_generator_c.dir/rosidl_generator_c/k9_interface/srv/detail/ltm_set_model__functions.c.o[0m
[ 12%] [32mBuilding C object CMakeFiles/k9_interface__rosidl_generator_c.dir/rosidl_generator_c/k9_interface/srv/detail/ltm_set_model__type_support.c.o[0m
[ 14%] [32mBuilding C object CMakeFiles/k9_interface__rosidl_generator_c.dir/rosidl_generator_c/k9_interface/srv/detail/ltm_remember__functions.c.o[0m
[ 16%] [32mBuilding C object CMakeFiles/k9_interface__rosidl_generator_c.dir/rosidl_generator_c/k9_interface/srv/detail/ltm_remember__type_support.c.o[0m
[ 18%] [32mBuilding C object CMakeFiles/k9_interface__rosidl_generator_c.dir/rosidl_generator_c/k9_interface/srv/detail/ltm_query__description.c.o[0m
[ 20%] [32mBuilding C object CMakeFiles/k9_interface__rosidl_generator_c.dir/rosidl_generator_c/k9_interface/srv/detail/ltm_query__functions.c.o[0m
[ 22%] [32mBuilding C object CMakeFiles/k9_interface__rosidl_generator_c.dir/rosidl_generator_c/k9_interface/srv/detail/ltm_query__type_support.c.o[0m
[ 24%] [32m[1mLinking C shared library libk9_interface__rosidl_generator_c.so[0m
[ 24%] Built target k9_interface__rosidl_generator_c
[ 31%] [34m[1mGenerating C++ type support for eProsima Fast-RTPS[0m
[ 31%] [34m[1mGenerating C++ introspection for ROS interfaces[0m
[ 31%] [34m[1mGenerating C++ type support dispatch for ROS interfaces[0m
[ 31%] [34m[1mGenerating C type support for eProsima Fast-RTPS[0m
[ 33%] [32mBuilding CXX object CMakeFiles/k9_interface__rosidl_typesupport_cpp.dir/rosidl_typesupport_cpp/k9_interface/srv/ltm_set_model__type_support.cpp.o[0m
[ 35%] [32mBuilding CXX object CMakeFiles/k9_interface__rosidl_typesupport_introspection_cpp.dir/rosidl_typesupport_introspection_cpp/k9_interface/srv/detail/ltm_set_model__type_support.cpp.o[0m
[ 37%] [32mBuilding CXX object CMakeFiles/k9_interface__rosidl_typesupport_fastrtps_cpp.dir/rosidl_typesupport_fastrtps_cpp/k9_interface/srv/detail/dds_fastrtps/ltm_set_model__type_support.cpp.o[0m
[ 38%] [32mBuilding CXX object CMakeFiles/k9_interface__rosidl_typesupport_fastrtps_c.dir/rosidl_typesupport_fastrtps_c/k9_interface/srv/detail/ltm_set_model__type_support_c.cpp.o[0m
[ 40%] [32mBuilding CXX object CMakeFiles/k9_interface__rosidl_typesupport_cpp.dir/rosidl_typesupport_cpp/k9_interface/srv/ltm_remember__type_support.cpp.o[0m
[ 42%] [32mBuilding CXX object CMakeFiles/k9_interface__rosidl_typesupport_introspection_cpp.dir/rosidl_typesupport_introspection_cpp/k9_interface/srv/detail/ltm_remember__type_support.cpp.o[0m
[ 44%] [32mBuilding CXX object CMakeFiles/k9_interface__rosidl_typesupport_fastrtps_c.dir/rosidl_typesupport_fastrtps_c/k9_interface/srv/detail/ltm_remember__type_support_c.cpp.o[0m
[ 46%] [32mBuilding CXX object CMakeFiles/k9_interface__rosidl_typesupport_fastrtps_cpp.dir/rosidl_typesupport_fastrtps_cpp/k9_interface/srv/detail/dds_fastrtps/ltm_remember__type_support.cpp.o[0m
[ 48%] [32mBuilding CXX object CMakeFiles/k9_interface__rosidl_typesupport_cpp.dir/rosidl_typesupport_cpp/k9_interface/srv/ltm_query__type_support.cpp.o[0m
[ 50%] [32mBuilding CXX object CMakeFiles/k9_interface__rosidl_typesupport_introspection_cpp.dir/rosidl_typesupport_introspection_cpp/k9_interface/srv/detail/ltm_query__type_support.cpp.o[0m
[ 51%] [32mBuilding CXX object CMakeFiles/k9_interface__rosidl_typesupport_fastrtps_c.dir/rosidl_typesupport_fastrtps_c/k9_interface/srv/detail/ltm_query__type_support_c.cpp.o[0m
[ 53%] [32m[1mLinking CXX shared library libk9_interface__rosidl_typesupport_cpp.so[0m
[ 53%] Built target k9_interface__rosidl_typesupport_cpp
[ 55%] [32mBuilding CXX object CMakeFiles/k9_interface__rosidl_typesupport_fastrtps_cpp.dir/rosidl_typesupport_fastrtps_cpp/k9_interface/srv/detail/dds_fastrtps/ltm_query__type_support.cpp.o[0m
[ 57%] [32m[1mLinking CXX shared library libk9_interface__rosidl_typesupport_introspection_cpp.so[0m
[ 59%] [34m[1mGenerating C introspection for ROS interfaces[0m
[ 59%] Built target k9_interface__rosidl_typesupport_introspection_cpp
[ 61%] [34m[1mGenerating C type support dispatch for ROS interfaces[0m
[ 62%] [32m[1mLinking CXX shared library libk9_interface__rosidl_typesupport_fastrtps_c.so[0m
[ 62%] Built target k9_interface__rosidl_typesupport_fastrtps_c
[ 68%] [32mBuilding C object CMakeFiles/k9_interface__rosidl_typesupport_introspection_c.dir/rosidl_typesupport_introspection_c/k9_interface/srv/detail/ltm_set_model__type_support.c.o[0m
[ 68%] [32mBuilding CXX object CMakeFiles/k9_interface__rosidl_typesupport_c.dir/rosidl_typesupport_c/k9_interface/srv/ltm_remember__type_support.cpp.o[0m
[ 68%] [32mBuilding CXX object CMakeFiles/k9_interface__rosidl_typesupport_c.dir/rosidl_typesupport_c/k9_interface/srv/ltm_set_model__type_support.cpp.o[0m
[ 70%] [32mBuilding CXX object CMakeFiles/k9_interface__rosidl_typesupport_c.dir/rosidl_typesupport_c/k9_interface/srv/ltm_query__type_support.cpp.o[0m
[ 72%] [32mBuilding C object CMakeFiles/k9_interface__rosidl_typesupport_introspection_c.dir/rosidl_typesupport_introspection_c/k9_interface/srv/detail/ltm_remember__type_support.c.o[0m
[ 74%] [32mBuilding C object CMakeFiles/k9_interface__rosidl_typesupport_introspection_c.dir/rosidl_typesupport_introspection_c/k9_interface/srv/detail/ltm_query__type_support.c.o[0m
[ 75%] [32m[1mLinking CXX shared library libk9_interface__rosidl_typesupport_c.so[0m
[ 77%] [32m[1mLinking C shared library libk9_interface__rosidl_typesupport_introspection_c.so[0m
[ 79%] [32m[1mLinking CXX shared library libk9_interface__rosidl_typesupport_fastrtps_cpp.so[0m
[ 79%] Built target k9_interface__rosidl_typesupport_introspection_c
[ 79%] Built target k9_interface__rosidl_typesupport_c
[ 79%] Built target k9_interface__rosidl_typesupport_fastrtps_cpp
[ 79%] Built target k9_interface
[ 81%] [34m[1mGenerating Python code for ROS interfaces[0m
[ 81%] Built target k9_interface__py
[ 87%] [32mBuilding C object CMakeFiles/k9_interface__rosidl_generator_py.dir/rosidl_generator_py/k9_interface/srv/_ltm_query_s.c.o[0m
[ 87%] [32mBuilding C object CMakeFiles/k9_interface__rosidl_generator_py.dir/rosidl_generator_py/k9_interface/srv/_ltm_remember_s.c.o[0m
[ 87%] [32mBuilding C object CMakeFiles/k9_interface__rosidl_generator_py.dir/rosidl_generator_py/k9_interface/srv/_ltm_set_model_s.c.o[0m
[ 88%] [32m[1mLinking C shared library libk9_interface__rosidl_generator_py.so[0m
[ 88%] Built target k9_interface__rosidl_generator_py
[ 94%] [32mBuilding C object CMakeFiles/k9_interface_s__rosidl_typesupport_c.dir/rosidl_generator_py/k9_interface/_k9_interface_s.ep.rosidl_typesupport_c.c.o[0m
[ 94%] [32mBuilding C object CMakeFiles/k9_interface_s__rosidl_typesupport_introspection_c.dir/rosidl_generator_py/k9_interface/_k9_interface_s.ep.rosidl_typesupport_introspection_c.c.o[0m
[ 94%] [32mBuilding C object CMakeFiles/k9_interface_s__rosidl_typesupport_fastrtps_c.dir/rosidl_generator_py/k9_interface/_k9_interface_s.ep.rosidl_typesupport_fastrtps_c.c.o[0m
[ 98%] [32m[1mLinking C shared module rosidl_generator_py/k9_interface/k9_interface_s__rosidl_typesupport_c.so[0m
[ 98%] [32m[1mLinking C shared module rosidl_generator_py/k9_interface/k9_interface_s__rosidl_typesupport_introspection_c.so[0m
[100%] [32m[1mLinking C shared module rosidl_generator_py/k9_interface/k9_interface_s__rosidl_typesupport_fastrtps_c.so[0m
[100%] Built target k9_interface_s__rosidl_typesupport_introspection_c
[100%] Built target k9_interface_s__rosidl_typesupport_c
[100%] Built target k9_interface_s__rosidl_typesupport_fastrtps_c
-- Install configuration: ""
-- Installing: /home/hopkira/Documents/GitHub/ros2_k9_interface_pkg/k9_interface/install/k9_interface/share/ament_index/resource_index/rosidl_interfaces/k9_interface
-- Installing: /home/hopkira/Documents/GitHub/ros2_k9_interface_pkg/k9_interface/install/k9_interface/share/k9_interface/srv/LtmSetModel.json
-- Installing: /home/hopkira/Documents/GitHub/ros2_k9_interface_pkg/k9_interface/install/k9_interface/share/k9_interface/srv/LtmRemember.json
-- Installing: /home/hopkira/Documents/GitHub/ros2_k9_interface_pkg/k9_interface/install/k9_interface/share/k9_interface/srv/LtmQuery.json
-- Installing: /home/hopkira/Documents/GitHub/ros2_k9_interface_pkg/k9_interface/install/k9_interface/include/k9_interface/k9_interface
-- Installing: /home/hopkira/Documents/GitHub/ros2_k9_interface_pkg/k9_interface/install/k9_interface/include/k9_interface/k9_interface/srv
-- Installing: /home/hopkira/Documents/GitHub/ros2_k9_interface_pkg/k9_interface/install/k9_interface/include/k9_interface/k9_interface/srv/ltm_query.h
-- Installing: /home/hopkira/Documents/GitHub/ros2_k9_interface_pkg/k9_interface/install/k9_interface/include/k9_interface/k9_interface/srv/detail
-- Installing: /home/hopkira/Documents/GitHub/ros2_k9_interface_pkg/k9_interface/install/k9_interface/include/k9_interface/k9_interface/srv/detail/ltm_set_model__type_support.h
-- Installing: /home/hopkira/Documents/GitHub/ros2_k9_interface_pkg/k9_interface/install/k9_interface/include/k9_interface/k9_interface/srv/detail/ltm_query__description.c
-- Installing: /home/hopkira/Documents/GitHub/ros2_k9_interface_pkg/k9_interface/install/k9_interface/include/k9_interface/k9_interface/srv/detail/ltm_remember__functions.c
-- Installing: /home/hopkira/Documents/GitHub/ros2_k9_interface_pkg/k9_interface/install/k9_interface/include/k9_interface/k9_interface/srv/detail/ltm_query__type_support.c
-- Installing: /home/hopkira/Documents/GitHub/ros2_k9_interface_pkg/k9_interface/install/k9_interface/include/k9_interface/k9_interface/srv/detail/ltm_query__functions.c
-- Installing: /home/hopkira/Documents/GitHub/ros2_k9_interface_pkg/k9_interface/install/k9_interface/include/k9_interface/k9_interface/srv/detail/ltm_query__struct.h
-- Installing: /home/hopkira/Documents/GitHub/ros2_k9_interface_pkg/k9_interface/install/k9_interface/include/k9_interface/k9_interface/srv/detail/ltm_remember__description.c
-- Installing: /home/hopkira/Documents/GitHub/ros2_k9_interface_pkg/k9_interface/install/k9_interface/include/k9_interface/k9_interface/srv/detail/ltm_remember__type_support.c
-- Installing: /home/hopkira/Documents/GitHub/ros2_k9_interface_pkg/k9_interface/install/k9_interface/include/k9_interface/k9_interface/srv/detail/ltm_remember__functions.h
-- Installing: /home/hopkira/Documents/GitHub/ros2_k9_interface_pkg/k9_interface/install/k9_interface/include/k9_interface/k9_interface/srv/detail/ltm_query__functions.h
-- Installing: /home/hopkira/Documents/GitHub/ros2_k9_interface_pkg/k9_interface/install/k9_interface/include/k9_interface/k9_interface/srv/detail/ltm_remember__type_support.h
-- Installing: /home/hopkira/Documents/GitHub/ros2_k9_interface_pkg/k9_interface/install/k9_interface/include/k9_interface/k9_interface/srv/detail/ltm_set_model__functions.h
-- Installing: /home/hopkira/Documents/GitHub/ros2_k9_interface_pkg/k9_interface/install/k9_interface/include/k9_interface/k9_interface/srv/detail/ltm_query__type_support.h
-- Installing: /home/hopkira/Documents/GitHub/ros2_k9_interface_pkg/k9_interface/install/k9_interface/include/k9_interface/k9_interface/srv/detail/ltm_set_model__description.c
-- Installing: /home/hopkira/Documents/GitHub/ros2_k9_interface_pkg/k9_interface/install/k9_interface/include/k9_interface/k9_interface/srv/detail/ltm_remember__struct.h
-- Installing: /home/hopkira/Documents/GitHub/ros2_k9_interface_pkg/k9_interface/install/k9_interface/include/k9_interface/k9_interface/srv/detail/ltm_set_model__functions.c
-- Installing: /home/hopkira/Documents/GitHub/ros2_k9_interface_pkg/k9_interface/install/k9_interface/include/k9_interface/k9_interface/srv/detail/ltm_set_model__struct.h
-- Installing: /home/hopkira/Documents/GitHub/ros2_k9_interface_pkg/k9_interface/install/k9_interface/include/k9_interface/k9_interface/srv/detail/ltm_set_model__type_support.c
-- Installing: /home/hopkira/Documents/GitHub/ros2_k9_interface_pkg/k9_interface/install/k9_interface/include/k9_interface/k9_interface/srv/ltm_remember.h
-- Installing: /home/hopkira/Documents/GitHub/ros2_k9_interface_pkg/k9_interface/install/k9_interface/include/k9_interface/k9_interface/srv/ltm_set_model.h
-- Installing: /home/hopkira/Documents/GitHub/ros2_k9_interface_pkg/k9_interface/install/k9_interface/include/k9_interface/k9_interface/msg
-- Installing: /home/hopkira/Documents/GitHub/ros2_k9_interface_pkg/k9_interface/install/k9_interface/include/k9_interface/k9_interface/msg/rosidl_generator_c__visibility_control.h
-- Installing: /home/hopkira/Documents/GitHub/ros2_k9_interface_pkg/k9_interface/install/k9_interface/share/k9_interface/environment/library_path.sh
-- Installing: /home/hopkira/Documents/GitHub/ros2_k9_interface_pkg/k9_interface/install/k9_interface/share/k9_interface/environment/library_path.dsv
-- Installing: /home/hopkira/Documents/GitHub/ros2_k9_interface_pkg/k9_interface/install/k9_interface/lib/libk9_interface__rosidl_generator_c.so
-- Set non-toolchain portion of runtime path of "/home/hopkira/Documents/GitHub/ros2_k9_interface_pkg/k9_interface/install/k9_interface/lib/libk9_interface__rosidl_generator_c.so" to ""
-- Up-to-date: /home/hopkira/Documents/GitHub/ros2_k9_interface_pkg/k9_interface/install/k9_interface/include/k9_interface/k9_interface
-- Up-to-date: /home/hopkira/Documents/GitHub/ros2_k9_interface_pkg/k9_interface/install/k9_interface/include/k9_interface/k9_interface/srv
-- Up-to-date: /home/hopkira/Documents/GitHub/ros2_k9_interface_pkg/k9_interface/install/k9_interface/include/k9_interface/k9_interface/srv/detail
-- Installing: /home/hopkira/Documents/GitHub/ros2_k9_interface_pkg/k9_interface/install/k9_interface/include/k9_interface/k9_interface/srv/detail/ltm_set_model__rosidl_typesupport_fastrtps_c.h
-- Installing: /home/hopkira/Documents/GitHub/ros2_k9_interface_pkg/k9_interface/install/k9_interface/include/k9_interface/k9_interface/srv/detail/ltm_query__rosidl_typesupport_fastrtps_c.h
-- Installing: /home/hopkira/Documents/GitHub/ros2_k9_interface_pkg/k9_interface/install/k9_interface/include/k9_interface/k9_interface/srv/detail/ltm_remember__rosidl_typesupport_fastrtps_c.h
-- Up-to-date: /home/hopkira/Documents/GitHub/ros2_k9_interface_pkg/k9_interface/install/k9_interface/include/k9_interface/k9_interface/msg
-- Installing: /home/hopkira/Documents/GitHub/ros2_k9_interface_pkg/k9_interface/install/k9_interface/include/k9_interface/k9_interface/msg/rosidl_typesupport_fastrtps_c__visibility_control.h
-- Installing: /home/hopkira/Documents/GitHub/ros2_k9_interface_pkg/k9_interface/install/k9_interface/lib/libk9_interface__rosidl_typesupport_fastrtps_c.so
-- Set non-toolchain portion of runtime path of "/home/hopkira/Documents/GitHub/ros2_k9_interface_pkg/k9_interface/install/k9_interface/lib/libk9_interface__rosidl_typesupport_fastrtps_c.so" to ""
-- Up-to-date: /home/hopkira/Documents/GitHub/ros2_k9_interface_pkg/k9_interface/install/k9_interface/include/k9_interface/k9_interface
-- Up-to-date: /home/hopkira/Documents/GitHub/ros2_k9_interface_pkg/k9_interface/install/k9_interface/include/k9_interface/k9_interface/srv
-- Up-to-date: /home/hopkira/Documents/GitHub/ros2_k9_interface_pkg/k9_interface/install/k9_interface/include/k9_interface/k9_interface/srv/detail
-- Installing: /home/hopkira/Documents/GitHub/ros2_k9_interface_pkg/k9_interface/install/k9_interface/include/k9_interface/k9_interface/srv/detail/ltm_query__type_support.c
-- Installing: /home/hopkira/Documents/GitHub/ros2_k9_interface_pkg/k9_interface/install/k9_interface/include/k9_interface/k9_interface/srv/detail/ltm_query__rosidl_typesupport_introspection_c.h
-- Installing: /home/hopkira/Documents/GitHub/ros2_k9_interface_pkg/k9_interface/install/k9_interface/include/k9_interface/k9_interface/srv/detail/ltm_remember__type_support.c
-- Installing: /home/hopkira/Documents/GitHub/ros2_k9_interface_pkg/k9_interface/install/k9_interface/include/k9_interface/k9_interface/srv/detail/ltm_set_model__rosidl_typesupport_introspection_c.h
-- Installing: /home/hopkira/Documents/GitHub/ros2_k9_interface_pkg/k9_interface/install/k9_interface/include/k9_interface/k9_interface/srv/detail/ltm_remember__rosidl_typesupport_introspection_c.h
-- Installing: /home/hopkira/Documents/GitHub/ros2_k9_interface_pkg/k9_interface/install/k9_interface/include/k9_interface/k9_interface/srv/detail/ltm_set_model__type_support.c
-- Up-to-date: /home/hopkira/Documents/GitHub/ros2_k9_interface_pkg/k9_interface/install/k9_interface/include/k9_interface/k9_interface/msg
-- Installing: /home/hopkira/Documents/GitHub/ros2_k9_interface_pkg/k9_interface/install/k9_interface/include/k9_interface/k9_interface/msg/rosidl_typesupport_introspection_c__visibility_control.h
-- Installing: /home/hopkira/Documents/GitHub/ros2_k9_interface_pkg/k9_interface/install/k9_interface/lib/libk9_interface__rosidl_typesupport_introspection_c.so
-- Set non-toolchain portion of runtime path of "/home/hopkira/Documents/GitHub/ros2_k9_interface_pkg/k9_interface/install/k9_interface/lib/libk9_interface__rosidl_typesupport_introspection_c.so" to ""
-- Installing: /home/hopkira/Documents/GitHub/ros2_k9_interface_pkg/k9_interface/install/k9_interface/lib/libk9_interface__rosidl_typesupport_c.so
-- Set non-toolchain portion of runtime path of "/home/hopkira/Documents/GitHub/ros2_k9_interface_pkg/k9_interface/install/k9_interface/lib/libk9_interface__rosidl_typesupport_c.so" to ""
-- Up-to-date: /home/hopkira/Documents/GitHub/ros2_k9_interface_pkg/k9_interface/install/k9_interface/include/k9_interface/k9_interface
-- Up-to-date: /home/hopkira/Documents/GitHub/ros2_k9_interface_pkg/k9_interface/install/k9_interface/include/k9_interface/k9_interface/srv
-- Installing: /home/hopkira/Documents/GitHub/ros2_k9_interface_pkg/k9_interface/install/k9_interface/include/k9_interface/k9_interface/srv/ltm_set_model.hpp
-- Installing: /home/hopkira/Documents/GitHub/ros2_k9_interface_pkg/k9_interface/install/k9_interface/include/k9_interface/k9_interface/srv/ltm_remember.hpp
-- Installing: /home/hopkira/Documents/GitHub/ros2_k9_interface_pkg/k9_interface/install/k9_interface/include/k9_interface/k9_interface/srv/ltm_query.hpp
-- Up-to-date: /home/hopkira/Documents/GitHub/ros2_k9_interface_pkg/k9_interface/install/k9_interface/include/k9_interface/k9_interface/srv/detail
-- Installing: /home/hopkira/Documents/GitHub/ros2_k9_interface_pkg/k9_interface/install/k9_interface/include/k9_interface/k9_interface/srv/detail/ltm_query__type_support.hpp
-- Installing: /home/hopkira/Documents/GitHub/ros2_k9_interface_pkg/k9_interface/install/k9_interface/include/k9_interface/k9_interface/srv/detail/ltm_remember__builder.hpp
-- Installing: /home/hopkira/Documents/GitHub/ros2_k9_interface_pkg/k9_interface/install/k9_interface/include/k9_interface/k9_interface/srv/detail/ltm_remember__traits.hpp
-- Installing: /home/hopkira/Documents/GitHub/ros2_k9_interface_pkg/k9_interface/install/k9_interface/include/k9_interface/k9_interface/srv/detail/ltm_query__struct.hpp
-- Installing: /home/hopkira/Documents/GitHub/ros2_k9_interface_pkg/k9_interface/install/k9_interface/include/k9_interface/k9_interface/srv/detail/ltm_set_model__traits.hpp
-- Installing: /home/hopkira/Documents/GitHub/ros2_k9_interface_pkg/k9_interface/install/k9_interface/include/k9_interface/k9_interface/srv/detail/ltm_set_model__builder.hpp
-- Installing: /home/hopkira/Documents/GitHub/ros2_k9_interface_pkg/k9_interface/install/k9_interface/include/k9_interface/k9_interface/srv/detail/ltm_set_model__struct.hpp
-- Installing: /home/hopkira/Documents/GitHub/ros2_k9_interface_pkg/k9_interface/install/k9_interface/include/k9_interface/k9_interface/srv/detail/ltm_query__builder.hpp
-- Installing: /home/hopkira/Documents/GitHub/ros2_k9_interface_pkg/k9_interface/install/k9_interface/include/k9_interface/k9_interface/srv/detail/ltm_query__traits.hpp
-- Installing: /home/hopkira/Documents/GitHub/ros2_k9_interface_pkg/k9_interface/install/k9_interface/include/k9_interface/k9_interface/srv/detail/ltm_remember__type_support.hpp
-- Installing: /home/hopkira/Documents/GitHub/ros2_k9_interface_pkg/k9_interface/install/k9_interface/include/k9_interface/k9_interface/srv/detail/ltm_set_model__type_support.hpp
-- Installing: /home/hopkira/Documents/GitHub/ros2_k9_interface_pkg/k9_interface/install/k9_interface/include/k9_interface/k9_interface/srv/detail/ltm_remember__struct.hpp
-- Up-to-date: /home/hopkira/Documents/GitHub/ros2_k9_interface_pkg/k9_interface/install/k9_interface/include/k9_interface/k9_interface/msg
-- Installing: /home/hopkira/Documents/GitHub/ros2_k9_interface_pkg/k9_interface/install/k9_interface/include/k9_interface/k9_interface/msg/rosidl_generator_cpp__visibility_control.hpp
-- Up-to-date: /home/hopkira/Documents/GitHub/ros2_k9_interface_pkg/k9_interface/install/k9_interface/include/k9_interface/k9_interface
-- Up-to-date: /home/hopkira/Documents/GitHub/ros2_k9_interface_pkg/k9_interface/install/k9_interface/include/k9_interface/k9_interface/srv
-- Up-to-date: /home/hopkira/Documents/GitHub/ros2_k9_interface_pkg/k9_interface/install/k9_interface/include/k9_interface/k9_interface/srv/detail
-- Installing: /home/hopkira/Documents/GitHub/ros2_k9_interface_pkg/k9_interface/install/k9_interface/include/k9_interface/k9_interface/srv/detail/ltm_set_model__rosidl_typesupport_fastrtps_cpp.hpp
-- Installing: /home/hopkira/Documents/GitHub/ros2_k9_interface_pkg/k9_interface/install/k9_interface/include/k9_interface/k9_interface/srv/detail/ltm_remember__rosidl_typesupport_fastrtps_cpp.hpp
-- Installing: /home/hopkira/Documents/GitHub/ros2_k9_interface_pkg/k9_interface/install/k9_interface/include/k9_interface/k9_interface/srv/detail/ltm_query__rosidl_typesupport_fastrtps_cpp.hpp
-- Installing: /home/hopkira/Documents/GitHub/ros2_k9_interface_pkg/k9_interface/install/k9_interface/include/k9_interface/k9_interface/srv/detail/dds_fastrtps
-- Up-to-date: /home/hopkira/Documents/GitHub/ros2_k9_interface_pkg/k9_interface/install/k9_interface/include/k9_interface/k9_interface/msg
-- Installing: /home/hopkira/Documents/GitHub/ros2_k9_interface_pkg/k9_interface/install/k9_interface/include/k9_interface/k9_interface/msg/rosidl_typesupport_fastrtps_cpp__visibility_control.h
-- Installing: /home/hopkira/Documents/GitHub/ros2_k9_interface_pkg/k9_interface/install/k9_interface/lib/libk9_interface__rosidl_typesupport_fastrtps_cpp.so
-- Set non-toolchain portion of runtime path of "/home/hopkira/Documents/GitHub/ros2_k9_interface_pkg/k9_interface/install/k9_interface/lib/libk9_interface__rosidl_typesupport_fastrtps_cpp.so" to ""
-- Up-to-date: /home/hopkira/Documents/GitHub/ros2_k9_interface_pkg/k9_interface/install/k9_interface/include/k9_interface/k9_interface
-- Up-to-date: /home/hopkira/Documents/GitHub/ros2_k9_interface_pkg/k9_interface/install/k9_interface/include/k9_interface/k9_interface/srv
-- Up-to-date: /home/hopkira/Documents/GitHub/ros2_k9_interface_pkg/k9_interface/install/k9_interface/include/k9_interface/k9_interface/srv/detail
-- Installing: /home/hopkira/Documents/GitHub/ros2_k9_interface_pkg/k9_interface/install/k9_interface/include/k9_interface/k9_interface/srv/detail/ltm_remember__type_support.cpp
-- Installing: /home/hopkira/Documents/GitHub/ros2_k9_interface_pkg/k9_interface/install/k9_interface/include/k9_interface/k9_interface/srv/detail/ltm_remember__rosidl_typesupport_introspection_cpp.hpp
-- Installing: /home/hopkira/Documents/GitHub/ros2_k9_interface_pkg/k9_interface/install/k9_interface/include/k9_interface/k9_interface/srv/detail/ltm_query__rosidl_typesupport_introspection_cpp.hpp
-- Installing: /home/hopkira/Documents/GitHub/ros2_k9_interface_pkg/k9_interface/install/k9_interface/include/k9_interface/k9_interface/srv/detail/ltm_set_model__type_support.cpp
-- Installing: /home/hopkira/Documents/GitHub/ros2_k9_interface_pkg/k9_interface/install/k9_interface/include/k9_interface/k9_interface/srv/detail/ltm_set_model__rosidl_typesupport_introspection_cpp.hpp
-- Installing: /home/hopkira/Documents/GitHub/ros2_k9_interface_pkg/k9_interface/install/k9_interface/include/k9_interface/k9_interface/srv/detail/ltm_query__type_support.cpp
-- Installing: /home/hopkira/Documents/GitHub/ros2_k9_interface_pkg/k9_interface/install/k9_interface/lib/libk9_interface__rosidl_typesupport_introspection_cpp.so
-- Set non-toolchain portion of runtime path of "/home/hopkira/Documents/GitHub/ros2_k9_interface_pkg/k9_interface/install/k9_interface/lib/libk9_interface__rosidl_typesupport_introspection_cpp.so" to ""
-- Installing: /home/hopkira/Documents/GitHub/ros2_k9_interface_pkg/k9_interface/install/k9_interface/lib/libk9_interface__rosidl_typesupport_cpp.so
-- Set non-toolchain portion of runtime path of "/home/hopkira/Documents/GitHub/ros2_k9_interface_pkg/k9_interface/install/k9_interface/lib/libk9_interface__rosidl_typesupport_cpp.so" to ""
-- Installing: /home/hopkira/Documents/GitHub/ros2_k9_interface_pkg/k9_interface/install/k9_interface/share/k9_interface/environment/pythonpath.sh
-- Installing: /home/hopkira/Documents/GitHub/ros2_k9_interface_pkg/k9_interface/install/k9_interface/share/k9_interface/environment/pythonpath.dsv
-- Installing: /home/hopkira/Documents/GitHub/ros2_k9_interface_pkg/k9_interface/install/k9_interface/lib/python3.12/site-packages/k9_interface-0.1.0-py3.12.egg-info
-- Installing: /home/hopkira/Documents/GitHub/ros2_k9_interface_pkg/k9_interface/install/k9_interface/lib/python3.12/site-packages/k9_interface-0.1.0-py3.12.egg-info/SOURCES.txt
-- Installing: /home/hopkira/Documents/GitHub/ros2_k9_interface_pkg/k9_interface/install/k9_interface/lib/python3.12/site-packages/k9_interface-0.1.0-py3.12.egg-info/dependency_links.txt
-- Installing: /home/hopkira/Documents/GitHub/ros2_k9_interface_pkg/k9_interface/install/k9_interface/lib/python3.12/site-packages/k9_interface-0.1.0-py3.12.egg-info/PKG-INFO
-- Installing: /home/hopkira/Documents/GitHub/ros2_k9_interface_pkg/k9_interface/install/k9_interface/lib/python3.12/site-packages/k9_interface-0.1.0-py3.12.egg-info/top_level.txt
-- Installing: /home/hopkira/Documents/GitHub/ros2_k9_interface_pkg/k9_interface/install/k9_interface/lib/python3.12/site-packages/k9_interface
-- Installing: /home/hopkira/Documents/GitHub/ros2_k9_interface_pkg/k9_interface/install/k9_interface/lib/python3.12/site-packages/k9_interface/_k9_interface_s.ep.rosidl_typesupport_c.c
-- Installing: /home/hopkira/Documents/GitHub/ros2_k9_interface_pkg/k9_interface/install/k9_interface/lib/python3.12/site-packages/k9_interface/_k9_interface_s.ep.rosidl_typesupport_fastrtps_c.c
-- Installing: /home/hopkira/Documents/GitHub/ros2_k9_interface_pkg/k9_interface/install/k9_interface/lib/python3.12/site-packages/k9_interface/__init__.py
-- Installing: /home/hopkira/Documents/GitHub/ros2_k9_interface_pkg/k9_interface/install/k9_interface/lib/python3.12/site-packages/k9_interface/srv
-- Installing: /home/hopkira/Documents/GitHub/ros2_k9_interface_pkg/k9_interface/install/k9_interface/lib/python3.12/site-packages/k9_interface/srv/_ltm_set_model_s.c
-- Installing: /home/hopkira/Documents/GitHub/ros2_k9_interface_pkg/k9_interface/install/k9_interface/lib/python3.12/site-packages/k9_interface/srv/_ltm_query.py
-- Installing: /home/hopkira/Documents/GitHub/ros2_k9_interface_pkg/k9_interface/install/k9_interface/lib/python3.12/site-packages/k9_interface/srv/__init__.py
-- Installing: /home/hopkira/Documents/GitHub/ros2_k9_interface_pkg/k9_interface/install/k9_interface/lib/python3.12/site-packages/k9_interface/srv/_ltm_set_model.py
-- Installing: /home/hopkira/Documents/GitHub/ros2_k9_interface_pkg/k9_interface/install/k9_interface/lib/python3.12/site-packages/k9_interface/srv/_ltm_query_s.c
-- Installing: /home/hopkira/Documents/GitHub/ros2_k9_interface_pkg/k9_interface/install/k9_interface/lib/python3.12/site-packages/k9_interface/srv/_ltm_remember_s.c
-- Installing: /home/hopkira/Documents/GitHub/ros2_k9_interface_pkg/k9_interface/install/k9_interface/lib/python3.12/site-packages/k9_interface/srv/_ltm_remember.py
-- Installing: /home/hopkira/Documents/GitHub/ros2_k9_interface_pkg/k9_interface/install/k9_interface/lib/python3.12/site-packages/k9_interface/_k9_interface_s.ep.rosidl_typesupport_introspection_c.c
-- Installing: /home/hopkira/Documents/GitHub/ros2_k9_interface_pkg/k9_interface/install/k9_interface/lib/python3.12/site-packages/k9_interface/k9_interface_s__rosidl_typesupport_fastrtps_c.so
-- Installing: /home/hopkira/Documents/GitHub/ros2_k9_interface_pkg/k9_interface/install/k9_interface/lib/python3.12/site-packages/k9_interface/k9_interface_s__rosidl_typesupport_introspection_c.so
-- Installing: /home/hopkira/Documents/GitHub/ros2_k9_interface_pkg/k9_interface/install/k9_interface/lib/python3.12/site-packages/k9_interface/k9_interface_s__rosidl_typesupport_c.so
Listing '/home/hopkira/Documents/GitHub/ros2_k9_interface_pkg/k9_interface/install/k9_interface/lib/python3.12/site-packages/k9_interface'...
Compiling '/home/hopkira/Documents/GitHub/ros2_k9_interface_pkg/k9_interface/install/k9_interface/lib/python3.12/site-packages/k9_interface/__init__.py'...
Listing '/home/hopkira/Documents/GitHub/ros2_k9_interface_pkg/k9_interface/install/k9_interface/lib/python3.12/site-packages/k9_interface/srv'...
Compiling '/home/hopkira/Documents/GitHub/ros2_k9_interface_pkg/k9_interface/install/k9_interface/lib/python3.12/site-packages/k9_interface/srv/__init__.py'...
Compiling '/home/hopkira/Documents/GitHub/ros2_k9_interface_pkg/k9_interface/install/k9_interface/lib/python3.12/site-packages/k9_interface/srv/_ltm_query.py'...
Compiling '/home/hopkira/Documents/GitHub/ros2_k9_interface_pkg/k9_interface/install/k9_interface/lib/python3.12/site-packages/k9_interface/srv/_ltm_remember.py'...
Compiling '/home/hopkira/Documents/GitHub/ros2_k9_interface_pkg/k9_interface/install/k9_interface/lib/python3.12/site-packages/k9_interface/srv/_ltm_set_model.py'...
-- Installing: /home/hopkira/Documents/GitHub/ros2_k9_interface_pkg/k9_interface/install/k9_interface/lib/python3.12/site-packages/k9_interface/k9_interface_s__rosidl_typesupport_fastrtps_c.so
-- Set non-toolchain portion of runtime path of "/home/hopkira/Documents/GitHub/ros2_k9_interface_pkg/k9_interface/install/k9_interface/lib/python3.12/site-packages/k9_interface/k9_interface_s__rosidl_typesupport_fastrtps_c.so" to ""
-- Installing: /home/hopkira/Documents/GitHub/ros2_k9_interface_pkg/k9_interface/install/k9_interface/lib/python3.12/site-packages/k9_interface/k9_interface_s__rosidl_typesupport_introspection_c.so
-- Set non-toolchain portion of runtime path of "/home/hopkira/Documents/GitHub/ros2_k9_interface_pkg/k9_interface/install/k9_interface/lib/python3.12/site-packages/k9_interface/k9_interface_s__rosidl_typesupport_introspection_c.so" to ""
-- Installing: /home/hopkira/Documents/GitHub/ros2_k9_interface_pkg/k9_interface/install/k9_interface/lib/python3.12/site-packages/k9_interface/k9_interface_s__rosidl_typesupport_c.so
-- Set non-toolchain portion of runtime path of "/home/hopkira/Documents/GitHub/ros2_k9_interface_pkg/k9_interface/install/k9_interface/lib/python3.12/site-packages/k9_interface/k9_interface_s__rosidl_typesupport_c.so" to ""
-- Installing: /home/hopkira/Documents/GitHub/ros2_k9_interface_pkg/k9_interface/install/k9_interface/lib/libk9_interface__rosidl_generator_py.so
-- Set non-toolchain portion of runtime path of "/home/hopkira/Documents/GitHub/ros2_k9_interface_pkg/k9_interface/install/k9_interface/lib/libk9_interface__rosidl_generator_py.so" to ""
-- Installing: /home/hopkira/Documents/GitHub/ros2_k9_interface_pkg/k9_interface/install/k9_interface/share/k9_interface/srv/LtmSetModel.idl
-- Installing: /home/hopkira/Documents/GitHub/ros2_k9_interface_pkg/k9_interface/install/k9_interface/share/k9_interface/srv/LtmRemember.idl
-- Installing: /home/hopkira/Documents/GitHub/ros2_k9_interface_pkg/k9_interface/install/k9_interface/share/k9_interface/srv/LtmQuery.idl
-- Installing: /home/hopkira/Documents/GitHub/ros2_k9_interface_pkg/k9_interface/install/k9_interface/share/k9_interface/srv/LtmSetModel.srv
-- Installing: /home/hopkira/Documents/GitHub/ros2_k9_interface_pkg/k9_interface/install/k9_interface/share/k9_interface/srv/LtmRemember.srv
-- Installing: /home/hopkira/Documents/GitHub/ros2_k9_interface_pkg/k9_interface/install/k9_interface/share/k9_interface/srv/LtmQuery.srv
-- Installing: /home/hopkira/Documents/GitHub/ros2_k9_interface_pkg/k9_interface/install/k9_interface/share/ament_index/resource_index/package_run_dependencies/k9_interface
-- Installing: /home/hopkira/Documents/GitHub/ros2_k9_interface_pkg/k9_interface/install/k9_interface/share/ament_index/resource_index/parent_prefix_path/k9_interface
-- Installing: /home/hopkira/Documents/GitHub/ros2_k9_interface_pkg/k9_interface/install/k9_interface/share/k9_interface/environment/ament_prefix_path.sh
-- Installing: /home/hopkira/Documents/GitHub/ros2_k9_interface_pkg/k9_interface/install/k9_interface/share/k9_interface/environment/ament_prefix_path.dsv
-- Installing: /home/hopkira/Documents/GitHub/ros2_k9_interface_pkg/k9_interface/install/k9_interface/share/k9_interface/environment/path.sh
-- Installing: /home/hopkira/Documents/GitHub/ros2_k9_interface_pkg/k9_interface/install/k9_interface/share/k9_interface/environment/path.dsv
-- Installing: /home/hopkira/Documents/GitHub/ros2_k9_interface_pkg/k9_interface/install/k9_interface/share/k9_interface/local_setup.bash
-- Installing: /home/hopkira/Documents/GitHub/ros2_k9_interface_pkg/k9_interface/install/k9_interface/share/k9_interface/local_setup.sh
-- Installing: /home/hopkira/Documents/GitHub/ros2_k9_interface_pkg/k9_interface/install/k9_interface/share/k9_interface/local_setup.zsh
-- Installing: /home/hopkira/Documents/GitHub/ros2_k9_interface_pkg/k9_interface/install/k9_interface/share/k9_interface/local_setup.dsv
-- Installing: /home/hopkira/Documents/GitHub/ros2_k9_interface_pkg/k9_interface/install/k9_interface/share/k9_interface/package.dsv
-- Installing: /home/hopkira/Documents/GitHub/ros2_k9_interface_pkg/k9_interface/install/k9_interface/share/ament_index/resource_index/packages/k9_interface
-- Installing: /home/hopkira/Documents/GitHub/ros2_k9_interface_pkg/k9_interface/install/k9_interface/share/k9_interface/cmake/export_k9_interface__rosidl_generator_cExport.cmake
-- Installing: /home/hopkira/Documents/GitHub/ros2_k9_interface_pkg/k9_interface/install/k9_interface/share/k9_interface/cmake/export_k9_interface__rosidl_generator_cExport-noconfig.cmake
-- Installing: /home/hopkira/Documents/GitHub/ros2_k9_interface_pkg/k9_interface/install/k9_interface/share/k9_interface/cmake/export_k9_interface__rosidl_typesupport_fastrtps_cExport.cmake
-- Installing: /home/hopkira/Documents/GitHub/ros2_k9_interface_pkg/k9_interface/install/k9_interface/share/k9_interface/cmake/export_k9_interface__rosidl_typesupport_fastrtps_cExport-noconfig.cmake
-- Installing: /home/hopkira/Documents/GitHub/ros2_k9_interface_pkg/k9_interface/install/k9_interface/share/k9_interface/cmake/k9_interface__rosidl_typesupport_introspection_cExport.cmake
-- Installing: /home/hopkira/Documents/GitHub/ros2_k9_interface_pkg/k9_interface/install/k9_interface/share/k9_interface/cmake/k9_interface__rosidl_typesupport_introspection_cExport-noconfig.cmake
-- Installing: /home/hopkira/Documents/GitHub/ros2_k9_interface_pkg/k9_interface/install/k9_interface/share/k9_interface/cmake/k9_interface__rosidl_typesupport_cExport.cmake
-- Installing: /home/hopkira/Documents/GitHub/ros2_k9_interface_pkg/k9_interface/install/k9_interface/share/k9_interface/cmake/k9_interface__rosidl_typesupport_cExport-noconfig.cmake
-- Installing: /home/hopkira/Documents/GitHub/ros2_k9_interface_pkg/k9_interface/install/k9_interface/share/k9_interface/cmake/export_k9_interface__rosidl_generator_cppExport.cmake
-- Installing: /home/hopkira/Documents/GitHub/ros2_k9_interface_pkg/k9_interface/install/k9_interface/share/k9_interface/cmake/export_k9_interface__rosidl_typesupport_fastrtps_cppExport.cmake
-- Installing: /home/hopkira/Documents/GitHub/ros2_k9_interface_pkg/k9_interface/install/k9_interface/share/k9_interface/cmake/export_k9_interface__rosidl_typesupport_fastrtps_cppExport-noconfig.cmake
-- Installing: /home/hopkira/Documents/GitHub/ros2_k9_interface_pkg/k9_interface/install/k9_interface/share/k9_interface/cmake/k9_interface__rosidl_typesupport_introspection_cppExport.cmake
-- Installing: /home/hopkira/Documents/GitHub/ros2_k9_interface_pkg/k9_interface/install/k9_interface/share/k9_interface/cmake/k9_interface__rosidl_typesupport_introspection_cppExport-noconfig.cmake
-- Installing: /home/hopkira/Documents/GitHub/ros2_k9_interface_pkg/k9_interface/install/k9_interface/share/k9_interface/cmake/k9_interface__rosidl_typesupport_cppExport.cmake
-- Installing: /home/hopkira/Documents/GitHub/ros2_k9_interface_pkg/k9_interface/install/k9_interface/share/k9_interface/cmake/k9_interface__rosidl_typesupport_cppExport-noconfig.cmake
-- Installing: /home/hopkira/Documents/GitHub/ros2_k9_interface_pkg/k9_interface/install/k9_interface/share/k9_interface/cmake/export_k9_interface__rosidl_generator_pyExport.cmake
-- Installing: /home/hopkira/Documents/GitHub/ros2_k9_interface_pkg/k9_interface/install/k9_interface/share/k9_interface/cmake/export_k9_interface__rosidl_generator_pyExport-noconfig.cmake
-- Installing: /home/hopkira/Documents/GitHub/ros2_k9_interface_pkg/k9_interface/install/k9_interface/share/k9_interface/cmake/rosidl_cmake-extras.cmake
-- Installing: /home/hopkira/Documents/GitHub/ros2_k9_interface_pkg/k9_interface/install/k9_interface/share/k9_interface/cmake/ament_cmake_export_dependencies-extras.cmake
-- Installing: /home/hopkira/Documents/GitHub/ros2_k9_interface_pkg/k9_interface/install/k9_interface/share/k9_interface/cmake/ament_cmake_export_include_directories-extras.cmake
-- Installing: /home/hopkira/Documents/GitHub/ros2_k9_interface_pkg/k9_interface/install/k9_interface/share/k9_interface/cmake/ament_cmake_export_libraries-extras.cmake
-- Installing: /home/hopkira/Documents/GitHub/ros2_k9_interface_pkg/k9_interface/install/k9_interface/share/k9_interface/cmake/ament_cmake_export_targets-extras.cmake
-- Installing: /home/hopkira/Documents/GitHub/ros2_k9_interface_pkg/k9_interface/install/k9_interface/share/k9_interface/cmake/rosidl_cmake_export_typesupport_targets-extras.cmake
-- Installing: /home/hopkira/Documents/GitHub/ros2_k9_interface_pkg/k9_interface/install/k9_interface/share/k9_interface/cmake/rosidl_cmake_export_typesupport_libraries-extras.cmake
-- Installing: /home/hopkira/Documents/GitHub/ros2_k9_interface_pkg/k9_interface/install/k9_interface/share/k9_interface/cmake/k9_interfaceConfig.cmake
-- Installing: /home/hopkira/Documents/GitHub/ros2_k9_interface_pkg/k9_interface/install/k9_interface/share/k9_interface/cmake/k9_interfaceConfig-version.cmake
-- Installing: /home/hopkira/Documents/GitHub/ros2_k9_interface_pkg/k9_interface/install/k9_interface/share/k9_interface/package.xml
